0 info it worked if it ends with ok
1 verbose cli [ '/Users/chrisnwamba/.nvm/versions/node/v6.9.5/bin/node',
1 verbose cli   '/Users/chrisnwamba/.nvm/versions/node/v6.9.5/bin/npm',
1 verbose cli   'run',
1 verbose cli   'deploy' ]
2 info using npm@3.10.10
3 info using node@v6.9.5
4 verbose run-script [ 'predeploy', 'deploy', 'postdeploy' ]
5 info lifecycle 001-gs-vue@1.0.0~predeploy: 001-gs-vue@1.0.0
6 silly lifecycle 001-gs-vue@1.0.0~predeploy: no script for predeploy, continuing
7 info lifecycle 001-gs-vue@1.0.0~deploy: 001-gs-vue@1.0.0
8 verbose lifecycle 001-gs-vue@1.0.0~deploy: unsafe-perm in lifecycle true
9 verbose lifecycle 001-gs-vue@1.0.0~deploy: PATH: /Users/chrisnwamba/.nvm/versions/node/v6.9.5/lib/node_modules/npm/bin/node-gyp-bin:/Users/chrisnwamba/Projects/Frontstack Workshops/001-gs-vue/node_modules/.bin:/Users/chrisnwamba/.rvm/gems/ruby-2.3.1/bin:/Users/chrisnwamba/.rvm/gems/ruby-2.3.1@global/bin:/Users/chrisnwamba/.rvm/rubies/ruby-2.3.1/bin:/Users/chrisnwamba/.nvm/versions/node/v6.9.5/bin:/usr/local/bin:/usr/bin:/bin:/usr/sbin:/sbin:/usr/local/go/bin:/Users/chrisnwamba/.rvm/gems/ruby-2.3.1/bin:/Users/chrisnwamba/.rvm/gems/ruby-2.3.1@global/bin:/Users/chrisnwamba/.rvm/rubies/ruby-2.3.1/bin:/Users/chrisnwamba/.rvm/bin:/Users/chrisnwamba/.rvm/bin:/Users/chrisnwamba/.rvm/bin
10 verbose lifecycle 001-gs-vue@1.0.0~deploy: CWD: /Users/chrisnwamba/Projects/Frontstack Workshops/001-gs-vue
11 silly lifecycle 001-gs-vue@1.0.0~deploy: Args: [ '-c', 'gh-pages -d dist' ]
12 silly lifecycle 001-gs-vue@1.0.0~deploy: Returned: code: 1  signal: null
13 info lifecycle 001-gs-vue@1.0.0~deploy: Failed to exec deploy script
14 verbose stack Error: 001-gs-vue@1.0.0 deploy: `gh-pages -d dist`
14 verbose stack Exit status 1
14 verbose stack     at EventEmitter.<anonymous> (/Users/chrisnwamba/.nvm/versions/node/v6.9.5/lib/node_modules/npm/lib/utils/lifecycle.js:255:16)
14 verbose stack     at emitTwo (events.js:106:13)
14 verbose stack     at EventEmitter.emit (events.js:191:7)
14 verbose stack     at ChildProcess.<anonymous> (/Users/chrisnwamba/.nvm/versions/node/v6.9.5/lib/node_modules/npm/lib/utils/spawn.js:40:14)
14 verbose stack     at emitTwo (events.js:106:13)
14 verbose stack     at ChildProcess.emit (events.js:191:7)
14 verbose stack     at maybeClose (internal/child_process.js:877:16)
14 verbose stack     at Process.ChildProcess._handle.onexit (internal/child_process.js:226:5)
15 verbose pkgid 001-gs-vue@1.0.0
16 verbose cwd /Users/chrisnwamba/Projects/Frontstack Workshops/001-gs-vue
17 error Darwin 16.5.0
18 error argv "/Users/chrisnwamba/.nvm/versions/node/v6.9.5/bin/node" "/Users/chrisnwamba/.nvm/versions/node/v6.9.5/bin/npm" "run" "deploy"
19 error node v6.9.5
20 error npm  v3.10.10
21 error code ELIFECYCLE
22 error 001-gs-vue@1.0.0 deploy: `gh-pages -d dist`
22 error Exit status 1
23 error Failed at the 001-gs-vue@1.0.0 deploy script 'gh-pages -d dist'.
23 error Make sure you have the latest version of node.js and npm installed.
23 error If you do, this is most likely a problem with the 001-gs-vue package,
23 error not with npm itself.
23 error Tell the author that this fails on your system:
23 error     gh-pages -d dist
23 error You can get information on how to open an issue for this project with:
23 error     npm bugs 001-gs-vue
23 error Or if that isn't available, you can get their info via:
23 error     npm owner ls 001-gs-vue
23 error There is likely additional logging output above.
24 verbose exit [ 1, true ]
